<?xml version="1.0" encoding="UTF-8"?>
<testsuite xmlns:xsi="http://www.w3.org/2001/XMLSchema-instance" xsi:noNamespaceSchemaLocation="https://maven.apache.org/surefire/maven-surefire-plugin/xsd/surefire-test-report-3.0.xsd" version="3.0" name="com.helloIftekhar.springJwt.SpringJwtApplicationTests" time="16.685" tests="1" errors="0" skipped="0" failures="0">
  <properties>
[...]
</properties>
  <testcase name="contextLoads" classname="com.helloIftekhar.springJwt.SpringJwtApplicationTests" time="2.076">
    <system-out><![CDATA[12:21:51.376 [main] INFO org.springframework.test.context.support.AnnotationConfigContextLoaderUtils -- Could not detect default configuration classes for test class [com.helloIftekhar.springJwt.SpringJwtApplicationTests]: SpringJwtApplicationTests does not declare any static, non-private, non-final, nested classes annotated with @Configuration.
12:21:51.634 [main] INFO org.springframework.boot.test.context.SpringBootTestContextBootstrapper -- Found @SpringBootConfiguration com.helloIftekhar.springJwt.SpringJwtApplication for test class com.helloIftekhar.springJwt.SpringJwtApplicationTests

  .   ____          _            __ _ _
 /\\ / ___'_ __ _ _(_)_ __  __ _ \ \ \ \
( ( )\___ | '_ | '_| | '_ \/ _` | \ \ \ \
 \\/  ___)| |_)| | | | | || (_| |  ) ) ) )
  '  |____| .__|_| |_|_| |_\__, | / / / /
 =========|_|==============|___/=/_/_/_/
 :: Spring Boot ::                (v3.2.1)

2025-06-11T12:21:52.538+01:00  INFO 8180 --- [           main] c.h.springJwt.SpringJwtApplicationTests  : Starting SpringJwtApplicationTests using Java 21.0.2 with PID 8180 (started by Prince Levis in C:\Users\Prince Levis\Documents\SpringSecurityJWT)
2025-06-11T12:21:52.540+01:00  INFO 8180 --- [           main] c.h.springJwt.SpringJwtApplicationTests  : No active profile set, falling back to 1 default profile: "default"
2025-06-11T12:21:55.734+01:00  INFO 8180 --- [           main] .s.d.r.c.RepositoryConfigurationDelegate : Bootstrapping Spring Data JPA repositories in DEFAULT mode.
2025-06-11T12:21:56.112+01:00  INFO 8180 --- [           main] .s.d.r.c.RepositoryConfigurationDelegate : Finished Spring Data repository scanning in 343 ms. Found 2 JPA repository interfaces.
2025-06-11T12:21:57.787+01:00  INFO 8180 --- [           main] o.hibernate.jpa.internal.util.LogHelper  : HHH000204: Processing PersistenceUnitInfo [name: default]
2025-06-11T12:21:58.020+01:00  INFO 8180 --- [           main] org.hibernate.Version                    : HHH000412: Hibernate ORM core version 6.4.1.Final
2025-06-11T12:21:58.100+01:00  INFO 8180 --- [           main] o.h.c.internal.RegionFactoryInitiator    : HHH000026: Second-level cache disabled
2025-06-11T12:21:58.711+01:00  INFO 8180 --- [           main] o.s.o.j.p.SpringPersistenceUnitInfo      : No LoadTimeWeaver setup: ignoring JPA class transformer
2025-06-11T12:21:58.770+01:00  INFO 8180 --- [           main] com.zaxxer.hikari.HikariDataSource       : HikariPool-1 - Starting...
2025-06-11T12:21:59.572+01:00  INFO 8180 --- [           main] com.zaxxer.hikari.pool.HikariPool        : HikariPool-1 - Added connection com.mysql.cj.jdbc.ConnectionImpl@56f9de3b
2025-06-11T12:21:59.577+01:00  INFO 8180 --- [           main] com.zaxxer.hikari.HikariDataSource       : HikariPool-1 - Start completed.
2025-06-11T12:21:59.704+01:00  WARN 8180 --- [           main] org.hibernate.orm.deprecation            : HHH90000025: MySQL8Dialect does not need to be specified explicitly using 'hibernate.dialect' (remove the property setting and it will be selected by default)
2025-06-11T12:21:59.707+01:00  WARN 8180 --- [           main] org.hibernate.orm.deprecation            : HHH90000026: MySQL8Dialect has been deprecated; use org.hibernate.dialect.MySQLDialect instead
2025-06-11T12:22:01.598+01:00  INFO 8180 --- [           main] o.h.e.t.j.p.i.JtaPlatformInitiator       : HHH000489: No JTA platform available (set 'hibernate.transaction.jta.platform' to enable JTA platform integration)
Hibernate: 
    alter table token 
       drop 
       foreign key FKe32ek7ixanakfqsdaokm4q9y2
Hibernate: 
    drop table if exists token
Hibernate: 
    drop table if exists user
Hibernate: 
    create table token (
        id integer not null auto_increment,
        is_logged_out bit,
        user_id integer,
        access_token varchar(255),
        refresh_token varchar(255),
        primary key (id)
    ) engine=InnoDB
Hibernate: 
    create table user (
        id integer not null auto_increment,
        telephone integer,
        email varchar(255),
        name varchar(255),
        password varchar(255),
        username varchar(255),
        role enum ('USER','ADMIN','AGENT'),
        primary key (id)
    ) engine=InnoDB
Hibernate: 
    alter table user 
       add constraint UK_ob8kqyqqgmefl0aco34akdtpe unique (email)
Hibernate: 
    alter table user 
       add constraint UK_sb8bbouer5wak8vyiiy4pf2bx unique (username)
Hibernate: 
    alter table token 
       add constraint FKe32ek7ixanakfqsdaokm4q9y2 
       foreign key (user_id) 
       references user (id)
2025-06-11T12:22:01.803+01:00  INFO 8180 --- [           main] j.LocalContainerEntityManagerFactoryBean : Initialized JPA EntityManagerFactory for persistence unit 'default'
2025-06-11T12:22:02.309+01:00  INFO 8180 --- [           main] o.s.d.j.r.query.QueryEnhancerFactory     : Hibernate is in classpath; If applicable, HQL parser will be used.
2025-06-11T12:22:03.387+01:00  WARN 8180 --- [           main] JpaBaseConfiguration$JpaWebConfiguration : spring.jpa.open-in-view is enabled by default. Therefore, database queries may be performed during view rendering. Explicitly configure spring.jpa.open-in-view to disable this warning
2025-06-11T12:22:04.113+01:00  INFO 8180 --- [           main] o.s.s.web.DefaultSecurityFilterChain     : Will secure any request with [org.springframework.security.web.session.DisableEncodeUrlFilter@16a83016, org.springframework.security.web.context.request.async.WebAsyncManagerIntegrationFilter@592efd6, org.springframework.security.web.context.SecurityContextHolderFilter@5522f9b, org.springframework.security.web.header.HeaderWriterFilter@23471b2f, org.springframework.web.filter.CorsFilter@33903444, org.springframework.security.web.authentication.logout.LogoutFilter@5e05dd42, com.helloIftekhar.springJwt.filter.JwtAuthenticationFilter@435848de, org.springframework.security.web.savedrequest.RequestCacheAwareFilter@3b26afbc, org.springframework.security.web.servletapi.SecurityContextHolderAwareRequestFilter@2ab91b65, org.springframework.security.web.authentication.AnonymousAuthenticationFilter@6149adee, org.springframework.security.web.session.SessionManagementFilter@3a89f2a0, org.springframework.security.web.access.ExceptionTranslationFilter@7da70124, org.springframework.security.web.access.intercept.AuthorizationFilter@404a7c61]
2025-06-11T12:22:05.589+01:00  INFO 8180 --- [           main] c.h.springJwt.SpringJwtApplicationTests  : Started SpringJwtApplicationTests in 13.687 seconds (process running for 15.518)
]]></system-out>
    <system-err><![CDATA[WARNING: A Java agent has been loaded dynamically (C:\Users\Prince Levis\.m2\repository\net\bytebuddy\byte-buddy-agent\1.14.10\byte-buddy-agent-1.14.10.jar)
WARNING: If a serviceability tool is in use, please run with -XX:+EnableDynamicAgentLoading to hide this warning
WARNING: If a serviceability tool is not in use, please run with -Djdk.instrument.traceUsage for more information
WARNING: Dynamic loading of agents will be disallowed by default in a future release
]]></system-err>
  </testcase>
</testsuite>